<?xml version="1.0" encoding="UTF-8"?>
<!-- Generated by org.testng.reporters.JUnitXMLReporter -->
<testsuite ignored="0" hostname="DESKTOP-A90CDF7" failures="1" tests="5" name="FileUpload" time="116.628" errors="0" timestamp="2019-12-16T00:30:28 IST">
  <testcase classname="com.bigtree.test.ImageUpload" name="BigTreeLogin" time="3.14"/>
  <testcase classname="com.bigtree.test.ImageUpload" name="NavigateToFilesScreen" time="0.864"/>
  <testcase classname="com.bigtree.test.ImageUpload" name="VerifyAddImagesScreen" time="0.977"/>
  <testcase classname="com.bigtree.test.ImageUpload" name="VerifyDocUpload" time="29.387"/>
  <testcase classname="com.bigtree.test.ImageUpload" name="VerifyDeleteImages" time="42.788">
    <failure type="java.lang.AssertionError" message="The following asserts failed:
	No More Delete popup is available further did not expect to find [false] but found [true],
	No More Delete popup is available further did not expect to find [false] but found [true]">
      <![CDATA[java.lang.AssertionError: The following asserts failed:
No More Delete popup is available further did not expect to find [false] but found [true],
No More Delete popup is available further did not expect to find [false] but found [true]
at com.bigtree.test.ImageUpload.VerifyDeleteImages(ImageUpload.java:263)
at java.base/java.util.ArrayList.forEach(ArrayList.java:1540)
... Removed 29 stack frames]]>
    </failure>
  </testcase> <!-- VerifyDeleteImages -->
</testsuite> <!-- FileUpload -->
